README	19692341	7680
README.f77	e169cbea	1596
amplsolv.lbc	eea4f32f	881
amplsolv.sy	e9ee393b	1104
arith.ibm	f398be2b	1391
arith.h0	e206209c	2309
arithchk.c	e37b8a75	4070
asl.h	fc55a566	30789
asl_pfg.h	6483336	1268
asl_pfgh.h	49b5a53	1288
asldate.c	1dd46d60	29
atof.c	197bcfed	1706
b_search.c	18aac04a	3312
basename.c	142e5a4b	1491
bscanf.c	f35108ae	4931
com2eval.c	cee65c1	11145
comeval.c	168c0724	2692
comptry.bat	f8a8a0d5	125
con1ival.c	fa48cb3a	4362
con2ival.c	e603fb6c	4374
con2val.c	f43a510e	4331
conadj.c	bb213ed	2040
conpval.c	e410cd5f	14768
conscale.c	83a1310	3526
conval.c	f179225f	3949
der0prop.c	f078c895	1327
derprop.c	e1181b02	1359
dtoa.c	5f98a43	57716
dtoa1.c	fa4e0318	2974
duthes.c	faa61afa	3595
dvalue.hd	e882be8e	816
dynlink.c	f185cc89	1375
errchk.h	18e45db4	1786
f_read.c	e33a6386	1227
fg_read.c	17e93244	37198
fgh_read.c	1d06d677	34626
float.h0	11d95cda	1822
fpecatch.c	ee2bc9f7	1573
fpinit.c	31c7bca	2197
fullhes.c	96ff405	3938
func_add.c	1619c124	7307
funcadd.c	18a9a80f	3475
funcadd.h	f021b22f	10273
funcadd0.c	ee0ae780	1392
funcadd1.c	108f91fb	6820
funcaddk.c	1913fb94	3359
funcaddr.c	fc16b89a	1197
g_fmt.c	efcfdd3b	3452
getenv.c	8c4ad80	1390
getstub.c	f6b9b125	10619
getstub.h	ebe59104	6555
htcl.c	2dd6c9	2281
jac0dim.c	f90293ca	6730
jac2dim.h	eade7b46	1980
jacdim.c	ed5566c3	2109
jacinc.c	f367833b	2548
jacpdim.h	1ef61561	2161
mach.c	28cc21b	1956
mainexit.c	e4761b9b	1713
makefile.sy	fe1e80b2	4844
makefile.u	e4b58200	8670
makefile.vc	ac4138d	4960
makefile.wat	12a41c08	5126
mip_pri.c	b84fd9	7862
misc.c	e2e4cefe	19012
mypow.c	2b46ae3	2273
names.c	47b40cd	3435
nl_obj.c	faef2e84	2054
nlp.h	aa7f836	5301
nlp2.h	e5ea5a1b	7151
nqpcheck.c	e57a11ae	17498
obj2val.c	e26a81e7	4101
obj_prec.c	fd065560	1440
objconst.c	11aa4770	2257
objval.c	e88747cc	5048
objval_.c	1a2c2cc1	4226
op_type.c	103eae0f	1202
op_type.hd	5b44f99	981
opnos.hd	ce11c7b	64
pfg_read.c	173bd74f	98856
pfghread.c	fcb6f473	1259
printf.c	f1665a54	16662
pshvprod.c	e5791e8a	20478
psinfo.h	f854e6b0	9648
punknown.c	f7d32b43	1617
qp_read.c	15eb1f35	3777
qpcheck.c	16ec2d20	1782
qsortv.c	14eac08c	4858
r_op.hd	907f7d1	679
r_opn.hd	1dbed024	412
r_opn0.hd	189f3cdb	342
r_qp.hd	e23bf046	164
readsol.c	f4dea830	8425
repwhere.c	f4d7f708	2613
rnd_prod.s	f4996bed	1471
rops.c	e4311ceb	21289
rops2.c	1888ebf3	21186
sigcatch.c	f82de95e	1780
sjac0dim.c	f020183e	1443
sphes.c	e58c54c6	24752
sprintf.c	a9642c8	3063
sscanf.c	e8b1a5c0	2932
stderr.c	e0b448ee	1487
stdio1.h0	1dbbe3f9	2660
strerror.c	1c5c813a	1362
studchk0.c	740c5f3	1310
suf_sos.c	ea273a90	8397
value.c	d54c7b3	6684
writesol.c	faee800a	10543
wrtsol_.c	ee7d4710	2108
ws_desc.c	fceb8f65	214
wsu_desc.c	fbb1c30c	170
x2check.c	edcbdb68	2113
xectim.c	1d023807	2266
xp1known.c	f78bbbfe	3285
xp2known.c	1c0e6a73	6360
