README	e2b54084	9750
README.f77	f243657a	1891
amplsolv.lbc	1e7e46d6	905
arith.h0	e206209c	2309
arith.h1	12e5e42c	1871
arith.ibm	f398be2b	1391
arithchk.c	63b0185	6532
asl.h	1d93ebd2	48993
asl_pfg.h	6483336	1268
asl_pfgh.h	49b5a53	1288
asldate.c	f4afa32d	29
atof.c	1fabc7d3	1747
auxinfo.c	1a3c8690	1488
avltree.c	10aeaa58	11346
avltree.h	13f23e7b	4693
b_search.c	eb0488d0	3172
basename.c	e48c8248	1505
bscanf.c	5d489dc	6288
comptry.bat	e40861e9	209
configure	1679ad6	1706
configurehere	1f384d7	1690
conscale.c	9a0f9de	3482
degree.c	1e74ef10	11242
derprop.c	e0fec8bb	1296
details.c0	fa7ec7b3	182
dtoa.c	f84c88f9	159375
dtoa1.c	f65cb7ad	3287
duthes.c	7a25db7	3935
dynlink.c	f185cc89	1375
errchk.h	f88aec0	1695
eval1.c	17e9a3d0	40855
eval2.c	a2f88f2	60670
ewalloc1.c	112e313e	3556
ewalloc2.c	10d91ffe	5672
f_read.c	12b32457	1227
fg_read.c	5c6ded0	52351
fg_write.c	ec5c75a8	27358
float.h0	11d95cda	1822
fpecatch.c	e1d8a914	1574
fpinit.c	66e5c26	5685
fpinitmt.c	f58d6f11	4947
fpsetprec.s	1d0b2972	535
fpsetprec64.s	987339e	488
fullhes.c	1405e28d	4254
func_add.c	f12b2ceb	11375
funcadd.c	f4e86ce3	3493
funcadd.h	110b65d7	16247
funcadd0.c	10310942	1338
funcadd1.c	60feeb8	10788
funcaddk.c	1913fb94	3359
funcaddr.c	fc16b89a	1197
g_fmt.c	642f235	3141
genrowno.c	1a8171dc	1805
getenv.c	e86c81a2	1466
getstub.c	e9cad561	13217
getstub.h	f626e91d	7079
htcl.c	f208317a	2066
indic_cons.c	20213d	21941
jac0dim.c	56d3270	6907
jac2dim.h	81b97e7	1982
jacdim.c	e2ace738	1794
jacinc.c	ef90060e	2276
jacinc1.c	e72cd01a	1999
jacpdim.h	528d1bd	2790
libnamsave.c	f0184dd6	117
mach.c	f480fbf5	2662
mainexit.c	e4761b9b	1713
makefile.u	12ab9d16	10301
makefile.vc	ff87c3b5	7239
mip_pri.c	f1dd1d47	7887
misc.c	6ad8ad2	31479
mpec_adj.c	4061b08	9785
mpec_adj0.c	efb8be74	70
mqpcheckv.c	eb808a2e	28794
mypow.c	f6f74614	2464
names.c	1fc87a42	4343
nl_obj.c	ef44e7d	2384
nlp.h	f4e528f6	4524
nlp2.h	75d2c79	4697
nqpcheck.c	e992c2f0	26321
nqpcheckZ.c	ea215f98	1188
obj_adj.c	ecf3a590	18534
obj_adj.h	eed794cf	2218
obj_adj0.c	ffe042be	67
obj_prec.c	fd065560	1440
objconst.c	e3007093	1447
objval_.c	f8a86711	3417
op_type.c	17f9903f	1066
op_type.hd	16a42576	1329
opcode.hd	12bc8de3	1348
opno.hd	f8e46748	2123
opno2.h	f82baf62	4720
opnos.hd	1be96111	120
pfghread.c	f898c96c	131961
printf.c	147de217	24293
pshvprod.c	1d09aeff	61664
psinfo.h	e05960fc	13888
punknown.c	fa46cf10	1704
qpcheck.c	1712f297	1588
qpcheckZ.c	ea5a705c	1609
qsortv.c	9485d56	4876
r_opn.hd	e78c0980	412
r_opn0.hd	1057f615	342
readsol.c	178493a7	8322
repwhere.c	2799b57	10742
rnd_prod.s	f4996bed	1471
sigcatch.c	fe35ba8b	2374
sjac0dim.c	ff686adb	1546
sos_add.c	f59f41c0	22398
sphes.c	187471ef	53914
sprintf.c	e6ce1d45	3050
sscanf.c	e8e79b09	3302
stderr.c	fc99b4f4	2096
stdio1.h0	b6acbbe	3058
strerror.c	1c5c813a	1362
studchk0.c	d87e575	1388
suf_sos.c	f3798487	12458
value.c	6854152	5847
writesol.c	e783bfe9	12157
wrtsol_.c	15a9faa4	2431
ws_desc.c	fceb8f65	214
wsu_desc.c	fbb1c30c	170
xectim.c	e56314e8	3543
xp2known.c	1ca179c	11961
