
Variable   lower bound	upper bound	total_cost
Buy[BEEF]  0       	100     	3.19
Buy[CHK]   0       	100     	2.59
Buy[FISH]  0       	100     	2.29
Buy[HAM]   0       	100     	2.89
Buy[MCH]   0       	100     	1.89
Buy[MTL]   0       	100     	1.99
Buy[SPG]   0       	100     	1.99
Buy[TUR]   0       	100     	2.49

diet[A]:
	700 <= 60*Buy[BEEF] + 8*Buy[CHK] + 8*Buy[FISH] + 40*Buy[HAM]
		+ 15*Buy[MCH] + 70*Buy[MTL] + 25*Buy[SPG] + 60*Buy[TUR]
		<= 10000

diet[B1]:
	700 <= 10*Buy[BEEF] + 20*Buy[CHK] + 15*Buy[FISH] + 35*Buy[HAM]
		+ 15*Buy[MCH] + 15*Buy[MTL] + 25*Buy[SPG] + 15*Buy[TUR]
		<= 10000

diet[B2]:
	700 <= 15*Buy[BEEF] + 20*Buy[CHK] + 10*Buy[FISH] + 10*Buy[HAM]
		+ 15*Buy[MCH] + 15*Buy[MTL] + 15*Buy[SPG] + 10*Buy[TUR]
		<= 10000

diet[C]:
	700 <= 20*Buy[BEEF] + 10*Buy[FISH] + 40*Buy[HAM] + 35*Buy[MCH]
		+ 30*Buy[MTL] + 50*Buy[SPG] + 20*Buy[TUR] <= 10000
