README	11bd3a59	4572
amplfun4.c	f5166977	5414
amplfunc.c	eb2216ad	6404
dminos	84cc26b	251
dualconv.c	eb55ba16	17596
enewt.m	f7be0c71	5356
evalf.m	fd13aa04	1697
evalg.m	1238c295	1505
evalw.m	ef935ae5	1477
fmng1.f	e14e7d8d	2897
fnl21.f	ebc2e72f	3131
hkeywds.c	eb4d4fce	53
init.m	3979d35	2714
keywds.c	624ef49	6758
lin1.c	eb9778a	2275
lin2.c	fe2df350	2322
lin3.c	13e37cae	2726
linrc.c	1735bf55	4503
makefile	a15ad2e	6414
makefile.sy	f452584e	5322
makefile.vc	e516da25	5093
makefile.wat	e9684f56	5146
mng.c	a9366c3	3574
mng1.c	c56154e	2598
mnh.c	eeaa3b61	5409
nl2.c	f1527e27	4090
nl21.c	16b14f97	4098
qtest.c	e78d2f4c	3417
rvmsg.c	160c0263	3756
rvmsg.h	11021ce	1868
savesol.m	1f5724b9	1675
spamfun4.c	44eeda3	6043
spamfunc.c	179079f5	6906
tnmain.c	fd38f276	5444
v8.c	e75a64bb	35
ve08.c	d3bef81	16409
diet.amp	ea1cb539	1156
diet.nl	ea386c63	887
diet.row	f4e30db2	53
diet.col	15bf48ad	90
dietl1.out	175f0d86	629
dietl2.out	ef20ccc1	700
dietl3.out	d96fdfd	819
dietd.nl	f66ad5a3	788
diet.sol	185a5f3c	264
dietd.sol	f9807394	550
dietu.sol	68360ca	211
ch3.amp	f3d7e506	870
ch3.nl	e287afa4	2023
ch3mng.out	583c553	1386
ch3mng.sol	1cee6dd4	225
ch3mnh.out	efb1084b	1224
ch3mnh.sol	12d1a627	208
ch3nl21.out	b12ca3d	1117
ch3nl2.out	e8c5a642	1640
ch3nl2.sol	12931222	210
ch3qtest.out	7a663dc	179
ch3tn.out	1f3de4e	420
ch3tn.sol	1a642264	136
hs100.amp	181c32a6	382
hs100.nl	e7b4b9e4	946
hs100.so0	51862af	306
lin1diet.out	175f0d86	629
lin2diet.out	ef20ccc1	700
lin3diet.out	d96fdfd	819
linrcdie.out	e556ea99	1084
v8ch3.out	ec52d906	720
ve08ch3.out	e37110f8	569
